TN:
SF:script/Counter.s.sol
DA:8,0
FN:8,CounterScript.setUp
FNDA:0,CounterScript.setUp
DA:10,0
FN:10,CounterScript.run
FNDA:0,CounterScript.run
DA:11,0
DA:15,0
FNF:2
FNH:0
LF:4
LH:0
BRF:0
BRH:0
end_of_record
TN:
SF:src/Book.sol
DA:39,0
FN:39,Book.depth
FNDA:0,Book.depth
DA:45,0
FN:45,Book.place
FNDA:0,Book.place
DA:47,0
FN:47,Book.remove
FNDA:0,Book.remove
DA:49,0
FN:49,Book.swap
FNDA:0,Book.swap
FNF:4
FNH:0
LF:4
LH:0
BRF:0
BRH:0
end_of_record
TN:
SF:src/Queue.sol
DA:41,2019
FN:41,Queue.peek
FNDA:2019,Queue.peek
DA:42,2019
BRDA:42,0,0,1
BRDA:42,0,1,2018
DA:43,2018
DA:49,88659
FN:49,Queue.size
FNDA:88659,Queue.size
DA:50,88659
DA:56,1010
FN:56,Queue.isEmpty
FNDA:1010,Queue.isEmpty
DA:57,1010
DA:84,500914
FN:84,Queue.enqueue
FNDA:500914,Queue.enqueue
DA:85,500914
DA:87,500914
DA:111,174289
FN:111,Queue.dequeue
FNDA:174289,Queue.dequeue
DA:112,174289
BRDA:112,1,0,1009
BRDA:112,1,1,173280
DA:115,173280
DA:118,173280
DA:121,173280
FNF:5
FNH:5
LF:15
LH:15
BRF:4
BRH:4
end_of_record
