TN:
SF:script/Deploy.s.sol
DA:8,0
FN:8,DeployScript.setUp
FNDA:0,DeployScript.setUp
DA:10,0
FN:10,DeployScript.run
FNDA:0,DeployScript.run
DA:11,0
DA:15,0
FNF:2
FNH:0
LF:4
LH:0
BRF:0
BRH:0
end_of_record
TN:
SF:src/ERC20.sol
DA:103,56
FN:103,ERC20.constructor
FNDA:56,ERC20.constructor
DA:104,56
DA:105,56
DA:117,0
FN:117,ERC20.decimals
FNDA:0,ERC20.decimals
DA:118,0
DA:124,1615612
FN:124,ERC20.balanceOf
FNDA:1615612,ERC20.balanceOf
DA:130,1615612
DA:137,0
FN:137,ERC20.allowance
FNDA:0,ERC20.allowance
DA:146,763004
DA:157,10078
FN:157,ERC20.transfer
FNDA:10078,ERC20.transfer
DA:165,10078
DA:167,10078
DA:176,763004
FN:176,ERC20.transferFrom
FNDA:763004,ERC20.transferFrom
DA:185,763004
DA:187,763004
DA:189,763004
DA:197,773082
FN:197,ERC20._transfer
FNDA:773082,ERC20._transfer
DA:205,773082
DA:207,773082
DA:209,773082
BRDA:209,0,0,-
DA:210,0
DA:214,773082
DA:215,773082
DA:218,773082
DA:220,773082
DA:232,112
FN:232,ERC20.approve
FNDA:112,ERC20.approve
DA:240,112
DA:242,112
DA:250,0
FN:250,ERC20.increaseAllowance
FNDA:0,ERC20.increaseAllowance
DA:258,0
DA:262,0
DA:269,0
FN:269,ERC20.decreaseAllowance
FNDA:0,ERC20.decreaseAllowance
DA:278,0
DA:280,0
BRDA:280,1,0,-
DA:281,0
DA:287,0
DA:290,0
DA:298,112
FN:298,ERC20._approve
FNDA:112,ERC20._approve
DA:306,112
DA:308,112
DA:316,763004
FN:316,ERC20._spendAllowance
FNDA:763004,ERC20._spendAllowance
DA:324,763004
DA:326,763004
BRDA:326,2,0,-
DA:327,0
BRDA:327,3,0,-
DA:328,0
DA:334,0
DA:346,112
FN:346,ERC20._mint
FNDA:112,ERC20._mint
DA:347,112
DA:349,112
DA:352,112
DA:355,112
DA:357,112
DA:363,0
FN:363,ERC20._burn
FNDA:0,ERC20._burn
DA:364,0
DA:366,0
DA:368,0
BRDA:368,4,0,-
DA:369,0
DA:373,0
DA:374,0
DA:377,0
DA:379,0
DA:391,773194
FN:391,ERC20._beforeTokenTransfer
FNDA:773194,ERC20._beforeTokenTransfer
DA:405,773194
FN:405,ERC20._afterTokenTransfer
FNDA:773194,ERC20._afterTokenTransfer
FNF:16
FNH:11
LF:63
LH:38
BRF:5
BRH:0
end_of_record
TN:
SF:src/Hook.sol
DA:32,0
FN:32,Hook._dispatch
FNDA:0,Hook._dispatch
DA:33,0
BRDA:33,0,0,-
DA:34,0
DA:35,0
DA:38,0
BRDA:38,1,0,-
DA:39,0
DA:40,0
FNF:1
FNH:0
LF:7
LH:0
BRF:2
BRH:0
end_of_record
TN:
SF:src/Market.sol
DA:167,28
FN:167,Market.constructor
FNDA:28,Market.constructor
DA:168,28
DA:169,28
DA:182,806799
FN:182,Market.depth
FNDA:806799,Market.depth
DA:187,806799
DA:188,806799
DA:189,806799
DA:195,3027
FN:195,Market.bids
FNDA:3027,Market.bids
DA:196,3027
DA:197,3027
DA:203,3027
FN:203,Market.asks
FNDA:3027,Market.asks
DA:204,3027
DA:205,3027
DA:211,0
FN:211,Market.getOrder
FNDA:0,Market.getOrder
DA:212,0
DA:223,771076
FN:223,Market.place
FNDA:771076,Market.place
DA:224,771076
BRDA:224,0,0,4036
DA:225,767040
BRDA:225,1,0,4036
DA:227,763004
BRDA:227,2,0,763004
DA:228,763004
BRDA:228,3,0,379041
BRDA:228,3,1,383963
DA:229,379041
DA:231,383963
DA:235,763004
BRDA:235,4,0,-
DA:236,0
BRDA:236,5,0,-
BRDA:236,5,1,-
DA:237,0
DA:239,0
DA:248,2016
FN:248,Market.remove
FNDA:2016,Market.remove
DA:249,2016
BRDA:249,6,0,-
BRDA:249,6,1,2016
DA:250,2016
BRDA:250,7,0,-
BRDA:250,7,1,2016
DA:251,2016
BRDA:251,8,0,-
BRDA:251,8,1,2016
DA:252,2016
BRDA:252,9,0,-
BRDA:252,9,1,2016
DA:254,2016
DA:256,2016
DA:257,2016
DA:260,2016
DA:263,2016
DA:265,2016
BRDA:265,10,0,1008
BRDA:265,10,1,1008
DA:267,1008
DA:270,1008
DA:273,1008
DA:276,1008
DA:288,379041
FN:288,Market.__placeBid
FNDA:379041,Market.__placeBid
DA:290,379041
DA:293,379041
DA:296,379041
DA:301,379041
DA:313,379041
DA:314,379041
DA:315,379041
DA:317,380049
DA:318,1008
DA:319,1008
DA:321,1008
BRDA:321,11,0,-
DA:322,0
DA:323,0
DA:326,1008
BRDA:326,12,0,1008
BRDA:326,12,1,-
DA:328,1008
DA:331,1008
DA:334,1008
DA:337,1008
DA:340,1008
DA:343,1008
DA:346,1008
DA:349,1008
DA:352,1008
DA:353,1008
DA:356,1008
DA:359,0
DA:362,0
DA:365,0
DA:368,0
DA:371,0
DA:374,0
DA:377,0
DA:380,0
DA:383,0
DA:384,0
DA:386,0
DA:391,379041
BRDA:391,13,0,379041
DA:392,379041
DA:396,379041
DA:399,379041
DA:402,379041
DA:405,379041
DA:412,383963
FN:412,Market.__placeAsk
FNDA:383963,Market.__placeAsk
DA:414,383963
DA:417,383963
DA:420,383963
DA:425,383963
DA:437,383963
DA:438,383963
DA:439,383963
DA:441,385787
DA:442,3023
DA:443,3023
DA:446,3023
BRDA:446,14,0,-
DA:447,0
DA:448,0
DA:452,3023
BRDA:452,15,0,1824
BRDA:452,15,1,1199
DA:454,1824
DA:457,1824
DA:460,1824
DA:463,1824
DA:466,1824
DA:469,1824
DA:472,1824
DA:475,1824
DA:478,1824
DA:479,1824
DA:482,1824
DA:485,1199
DA:488,1199
DA:491,1199
DA:494,1199
DA:497,1199
DA:500,1199
DA:503,1199
DA:506,1199
DA:509,1199
DA:510,1199
DA:512,1199
DA:517,383963
BRDA:517,16,0,382764
DA:518,382764
DA:522,383963
DA:525,383963
DA:528,383963
DA:531,383963
FNF:9
FNH:8
LF:127
LH:107
BRF:26
BRH:16
end_of_record
TN:
SF:src/Queue.sol
DA:41,6050
FN:41,Queue.peek
FNDA:6050,Queue.peek
DA:42,6050
BRDA:42,0,0,1
BRDA:42,0,1,6049
DA:43,6049
DA:49,89381
FN:49,Queue.size
FNDA:89381,Queue.size
DA:50,89381
DA:56,766846
FN:56,Queue.isEmpty
FNDA:766846,Queue.isEmpty
DA:57,766846
DA:64,7064
FN:64,Queue.toArray
FNDA:7064,Queue.toArray
DA:69,7064
DA:70,7064
DA:72,7064
DA:74,7064
DA:75,86145
DA:76,79081
DA:104,1342445
FN:104,Queue.enqueue
FNDA:1342445,Queue.enqueue
DA:105,1342445
DA:107,1342445
DA:131,178565
FN:131,Queue.dequeue
FNDA:178565,Queue.dequeue
DA:132,178565
BRDA:132,1,0,1009
BRDA:132,1,1,177556
DA:135,177556
DA:138,177556
DA:141,177556
FNF:6
FNH:6
LF:22
LH:22
BRF:4
BRH:4
end_of_record
TN:
SF:test/Market.t.sol
DA:25,5044
FN:25,MarketTest.prankster
FNDA:5044,MarketTest.prankster
DA:26,5044
DA:28,5044
DA:31,28
FN:31,MarketTest.setUp
FNDA:28,MarketTest.setUp
DA:32,28
DA:33,28
DA:34,28
DA:35,28
DA:38,28
FN:38,MarketTest._setup_market_tokens
FNDA:28,MarketTest._setup_market_tokens
DA:39,28
DA:40,28
DA:43,28
FN:43,MarketTest._setup_market
FNDA:28,MarketTest._setup_market
DA:44,28
DA:47,28
FN:47,MarketTest._setup_balances
FNDA:28,MarketTest._setup_balances
DA:48,28
DA:49,28
DA:50,28
DA:51,28
DA:54,28
FN:54,MarketTest._setup_allowances
FNDA:28,MarketTest._setup_allowances
DA:55,28
DA:56,28
DA:57,28
DA:58,28
DA:60,28
DA:61,28
DA:62,28
DA:63,28
FNF:6
FNH:6
LF:27
LH:27
BRF:0
BRH:0
end_of_record
TN:
SF:test/mocks/MockSynth.sol
DA:24,112
FN:24,MockSynth.mint
FNDA:112,MockSynth.mint
DA:25,112
FNF:1
FNH:1
LF:2
LH:2
BRF:0
BRH:0
end_of_record
